#-----------------------------------------------------------
# Vivado v2020.2 (64-bit)
# SW Build 3064766 on Wed Nov 18 09:12:45 MST 2020
# IP Build 3064653 on Wed Nov 18 14:17:31 MST 2020
# Start of session at: Wed Mar 27 19:20:45 2024
# Process ID: 268
# Current directory: D:/VivadoLibrary/VendingMachine
# Command line: vivado.exe -gui_launcher_event rodinguilauncherevent10044 D:\VivadoLibrary\VendingMachine\VendingMachine.xpr
# Log file: D:/VivadoLibrary/VendingMachine/vivado.log
# Journal file: D:/VivadoLibrary/VendingMachine\vivado.jou
#-----------------------------------------------------------
start_gui
open_project D:/VivadoLibrary/VendingMachine/VendingMachine.xpr
WARNING: [filemgmt 56-3] Default IP Output Path : Could not find the directory 'D:/VivadoLibrary/VendingMachine/VendingMachine.gen/sources_1'.
Scanning sources...
Finished scanning sources
INFO: [IP_Flow 19-234] Refreshing IP repositories
INFO: [IP_Flow 19-1704] No user IP repositories specified
INFO: [IP_Flow 19-2313] Loaded Vivado IP repository 'D:/Vivado/Vivado/2020.2/data/ip'.
open_project: Time (s): cpu = 00:00:24 ; elapsed = 00:00:11 . Memory (MB): peak = 1005.410 ; gain = 0.000
update_compile_order -fileset sources_1
exit
INFO: [Common 17-206] Exiting Vivado at Wed Mar 27 19:24:52 2024...
